\BOOKMARK [0][-]{chapter.1}{Introduzione}{}% 1
\BOOKMARK [1][-]{section.1.1}{Il Kirivo Network}{chapter.1}% 2
\BOOKMARK [1][-]{section.1.2}{Architettura del Kirivo Network}{chapter.1}% 3
\BOOKMARK [1][-]{section.1.3}{I team del Kirivo Network}{chapter.1}% 4
\BOOKMARK [1][-]{section.1.4}{Gestione delle homepage}{chapter.1}% 5
\BOOKMARK [1][-]{section.1.5}{La gemma cmsdealer}{chapter.1}% 6
\BOOKMARK [1][-]{section.1.6}{Obbiettivo}{chapter.1}% 7
\BOOKMARK [1][-]{section.1.7}{Obbiettivo secondario}{chapter.1}% 8
\BOOKMARK [0][-]{chapter.2}{Sviluppo agile}{}% 9
\BOOKMARK [1][-]{section.2.1}{TDD}{chapter.2}% 10
\BOOKMARK [1][-]{section.2.2}{Pair Programming}{chapter.2}% 11
\BOOKMARK [0][-]{chapter.3}{Fase di formazione aziendale}{}% 12
\BOOKMARK [1][-]{section.3.1}{Ruby e suoi framework}{chapter.3}% 13
\BOOKMARK [1][-]{section.3.2}{Wordpress}{chapter.3}% 14
\BOOKMARK [1][-]{section.3.3}{Sviluppo agile}{chapter.3}% 15
\BOOKMARK [2][-]{subsection.3.3.1}{Sistemismo di wp}{section.3.3}% 16
\BOOKMARK [0][-]{chapter.4}{Widgets di Origini}{}% 17
\BOOKMARK [1][-]{section.4.1}{Origini - Slider prodotti}{chapter.4}% 18
\BOOKMARK [1][-]{section.4.2}{Origini - Banda tuttoschermo}{chapter.4}% 19
\BOOKMARK [1][-]{section.4.3}{Origini - Speciale}{chapter.4}% 20
\BOOKMARK [0][-]{chapter.5}{Widgets di Kirivo}{}% 21
\BOOKMARK [1][-]{section.5.1}{Kirivo - Immagini Speciali}{chapter.5}% 22
\BOOKMARK [1][-]{section.5.2}{Kirivo - Immagini Newsletter}{chapter.5}% 23
\BOOKMARK [1][-]{section.5.3}{Kirivo - Prodotti in evidenza}{chapter.5}% 24
\BOOKMARK [1][-]{section.5.4}{Kirivo - Slider prodotti}{chapter.5}% 25
